Arguments: 
  /Users/ken/.nvm/versions/node/v15.4.0/bin/node /Users/ken/.nvm/versions/node/v15.4.0/bin/yarn

PATH: 
  /Users/ken/.nvm/versions/node/v15.4.0/bin:/usr/local/bin:/usr/bin:/bin:/usr/sbin:/sbin:/Applications/VMware Fusion.app/Contents/Public:/usr/local/go/bin:/opt/X11/bin:/Library/Apple/usr/bin:/Library/Frameworks/Mono.framework/Versions/Current/Commands:/Applications/Postgres.app/Contents/Versions/latest/bin:/Users/ken/goworkspace/bin

Yarn version: 
  1.22.10

Node version: 
  15.4.0

Platform: 
  darwin x64

Trace: 
  Error: https://registry.yarnpkg.com/@components%2fatoms-builder: Not found
      at Request.params.callback [as _callback] (/Users/ken/.nvm/versions/node/v15.4.0/lib/node_modules/yarn/lib/cli.js:66988:18)
      at Request.self.callback (/Users/ken/.nvm/versions/node/v15.4.0/lib/node_modules/yarn/lib/cli.js:140662:22)
      at Request.emit (node:events:376:20)
      at Request.<anonymous> (/Users/ken/.nvm/versions/node/v15.4.0/lib/node_modules/yarn/lib/cli.js:141634:10)
      at Request.emit (node:events:376:20)
      at IncomingMessage.<anonymous> (/Users/ken/.nvm/versions/node/v15.4.0/lib/node_modules/yarn/lib/cli.js:141556:12)
      at Object.onceWrapper (node:events:482:28)
      at IncomingMessage.emit (node:events:388:22)
      at endReadableNT (node:internal/streams/readable:1295:12)
      at processTicksAndRejections (node:internal/process/task_queues:80:21)

npm manifest: 
  {
    "name": "@components/atoms-button",
    "version": "0.0.0",
    "description": "Now I’m the model of a modern major general / The venerated Virginian veteran whose men are all / Lining up, to put me up on a pedestal / Writin’ letters to relatives / Embellishin’ my elegance and eloquence / But the elephant is in the room / The truth is in ya face when ya hear the British cannons go / BOOM",
    "keywords": [],
    "author": "Kenichi Okiebisu <a01056715@gmail.com>",
    "license": "ISC",
    "main": "lib/atoms-button.js",
    "directories": {
      "lib": "lib",
      "test": "__tests__"
    },
    "files": [
      "lib"
    ],
    "publishConfig": {
      "access": "public"
    },
    "scripts": {
      "test": "echo \"Error: run tests from root\" && exit 1"
    },
    "peerDependencies": {
      "react": "16.x"
    },
    "devDependencies": {
      "react": "^17.0.1"
    },
    "dependencies": {
      "@components/atoms-builder": "^0.0.0",
      "clsx": "^1.1.1"
    }
  }

yarn manifest: 
  No manifest

Lockfile: 
  No lockfile
